\BOOKMARK [1][-]{section.1}{Technical Analysis}{}% 1
\BOOKMARK [1][-]{section.2}{Neural Networks}{}% 2
\BOOKMARK [2][-]{subsection.2.1}{Training and Backpropagation}{section.2}% 3
\BOOKMARK [2][-]{subsection.2.2}{Activation Functions}{section.2}% 4
\BOOKMARK [2][-]{subsection.2.3}{Deep Learning}{section.2}% 5
\BOOKMARK [3][-]{subsubsection.2.3.1}{Backpropagation Improvements}{subsection.2.3}% 6
\BOOKMARK [1][-]{section.3}{Stacked Autoencoders}{}% 7
\BOOKMARK [2][-]{subsection.3.1}{High Dimensional Data Reduction}{section.3}% 8
\BOOKMARK [2][-]{subsection.3.2}{Deep Belief Networks}{section.3}% 9
\BOOKMARK [2][-]{subsection.3.3}{Stacked Denoising Autoencoders}{section.3}% 10
\BOOKMARK [2][-]{subsection.3.4}{Pre-training}{section.3}% 11
\BOOKMARK [2][-]{subsection.3.5}{Time Series Applications}{section.3}% 12
\BOOKMARK [2][-]{subsection.3.6}{Financial Applications}{section.3}% 13
\BOOKMARK [1][-]{section.4}{Data Segmentation}{}% 14
\BOOKMARK [1][-]{section.5}{Online Learning Algorithms and Gradient Descent}{}% 15
\BOOKMARK [1][-]{section.6}{Backtesting and Model Validation}{}% 16
\BOOKMARK [2][-]{subsection.6.1}{Testing Methodologies}{section.6}% 17
\BOOKMARK [2][-]{subsection.6.2}{Test Data Length}{section.6}% 18
\BOOKMARK [2][-]{subsection.6.3}{Sharpe Ratio}{section.6}% 19
\BOOKMARK [1][-]{section.7}{References}{}% 20
