\BOOKMARK [1][-]{Doc-Start}{List of Figures}{}% 1
\BOOKMARK [1][-]{Doc-Start}{List of Tables}{}% 2
\BOOKMARK [1][-]{section.1}{Introduction}{}% 3
\BOOKMARK [1][-]{section.2}{Literature Review}{}% 4
\BOOKMARK [2][-]{subsection.2.1}{Technical Analysis}{section.2}% 5
\BOOKMARK [2][-]{subsection.2.2}{Neural Networks}{section.2}% 6
\BOOKMARK [3][-]{subsubsection.2.2.1}{Training and Backpropagation}{subsection.2.2}% 7
\BOOKMARK [3][-]{subsubsection.2.2.2}{Activation Functions}{subsection.2.2}% 8
\BOOKMARK [3][-]{subsubsection.2.2.3}{Deep Learning}{subsection.2.2}% 9
\BOOKMARK [3][-]{subsubsection.2.2.4}{Weight Initialization Improvements}{subsection.2.2}% 10
\BOOKMARK [2][-]{subsection.2.3}{Stacked AutoEncoders}{section.2}% 11
\BOOKMARK [3][-]{subsubsection.2.3.1}{High Dimensional Data Reduction}{subsection.2.3}% 12
\BOOKMARK [3][-]{subsubsection.2.3.2}{Deep Belief Networks}{subsection.2.3}% 13
\BOOKMARK [3][-]{subsubsection.2.3.3}{Stacked Denoising AutoEncoders}{subsection.2.3}% 14
\BOOKMARK [3][-]{subsubsection.2.3.4}{Pre-training}{subsection.2.3}% 15
\BOOKMARK [3][-]{subsubsection.2.3.5}{Time Series Applications}{subsection.2.3}% 16
\BOOKMARK [3][-]{subsubsection.2.3.6}{Financial Applications}{subsection.2.3}% 17
\BOOKMARK [2][-]{subsection.2.4}{Online Learning Algorithms and Gradient Descent}{section.2}% 18
\BOOKMARK [2][-]{subsection.2.5}{Gradient Learning Improvements}{section.2}% 19
\BOOKMARK [3][-]{subsubsection.2.5.1}{Gradient Adjustments and Regularization}{subsection.2.5}% 20
\BOOKMARK [3][-]{subsubsection.2.5.2}{Dropout}{subsection.2.5}% 21
\BOOKMARK [3][-]{subsubsection.2.5.3}{Learning Rate Schedules}{subsection.2.5}% 22
\BOOKMARK [2][-]{subsection.2.6}{Backtesting and Model Validation}{section.2}% 23
\BOOKMARK [3][-]{subsubsection.2.6.1}{Sharpe Ratio Assessment Methodologies}{subsection.2.6}% 24
\BOOKMARK [3][-]{subsubsection.2.6.2}{Generalised Assessment Methodologies}{subsection.2.6}% 25
\BOOKMARK [3][-]{subsubsection.2.6.3}{Test Data Length}{subsection.2.6}% 26
\BOOKMARK [1][-]{section.3}{Data Processing and Generation }{}% 27
\BOOKMARK [2][-]{subsection.3.1}{Data Processing}{section.3}% 28
\BOOKMARK [3][-]{subsubsection.3.1.1}{Log Difference Transformation and Aggregation}{subsection.3.1}% 29
\BOOKMARK [3][-]{subsubsection.3.1.2}{Data Scaling}{subsection.3.1}% 30
\protect \let \reserved@d =[\def \def \begingroup \let \@@protect \protect \let \protect \protect \afterassignment \let \protect \@@protect \edef Price Reconstruction{[1][-]}\edef {\futurelet }\toks@ {\endgroup \par }\let  
\protect \let \reserved@d =[\def \def \begingroup \let \@@protect \protect \let \protect \protect \afterassignment \let \protect \@@protect \edef Price Reconstruction{[1][-]}\edef {\futurelet }\toks@ {\endgroup \par }\let  
\protect \let \reserved@d =[\def \def \begingroup \let \@@protect \protect \let \protect \protect \afterassignment \let \protect \@@protect \edef Price Reconstruction{[1][-]}\edef {\futurelet }\toks@ {\endgroup \par }\let  
\protect \let \reserved@d =[\def \def \begingroup \let \@@protect \protect \let \protect \protect \afterassignment \let \protect \@@protect \edef Price Reconstruction{[1][-]}\edef {\futurelet }\toks@ {\endgroup \par }\let  
\protect \let \reserved@d =[\def \def \begingroup \let \@@protect \protect \let \protect \protect \afterassignment \let \protect \@@protect \edef Price Reconstruction{[1][-]}\edef {\futurelet }\toks@ {\endgroup \par }\let  
\protect \let \reserved@d =[\def \def \begingroup \let \@@protect \protect \let \protect \protect \afterassignment \let \protect \@@protect \edef Price Reconstruction{[1][-]}\edef {\futurelet }\toks@ {\endgroup \par }\let  
\protect \let \reserved@d =[\def \def \begingroup \let \@@protect \protect \let \protect \protect \afterassignment \let \protect \@@protect \edef Price Reconstruction{[1][-]}\edef {\futurelet }\toks@ {\endgroup \par }\let  
