\BOOKMARK [1][-]{section*.1}{List of Figures}{}% 1
\BOOKMARK [1][-]{section*.1}{List of Tables}{}% 2
\BOOKMARK [1][-]{section.1}{Introduction}{}% 3
\BOOKMARK [1][-]{section.2}{Literature Review}{}% 4
\BOOKMARK [2][-]{subsection.2.1}{Technical Analysis}{section.2}% 5
\BOOKMARK [2][-]{subsection.2.2}{Neural Networks}{section.2}% 6
\BOOKMARK [3][-]{subsubsection.2.2.1}{Training and Backpropagation}{subsection.2.2}% 7
\BOOKMARK [3][-]{subsubsection.2.2.2}{Activation Functions}{subsection.2.2}% 8
\BOOKMARK [3][-]{subsubsection.2.2.3}{Deep Learning}{subsection.2.2}% 9
\BOOKMARK [3][-]{subsubsection.2.2.4}{Weight Initialization Improvements}{subsection.2.2}% 10
\BOOKMARK [2][-]{subsection.2.3}{Stacked Autoencoders}{section.2}% 11
\BOOKMARK [3][-]{subsubsection.2.3.1}{High Dimensional Data Reduction}{subsection.2.3}% 12
\BOOKMARK [3][-]{subsubsection.2.3.2}{Deep Belief Networks}{subsection.2.3}% 13
\BOOKMARK [3][-]{subsubsection.2.3.3}{Stacked Denoising Autoencoders}{subsection.2.3}% 14
\BOOKMARK [3][-]{subsubsection.2.3.4}{Pre-training}{subsection.2.3}% 15
\BOOKMARK [3][-]{subsubsection.2.3.5}{Time Series Applications}{subsection.2.3}% 16
\BOOKMARK [3][-]{subsubsection.2.3.6}{Financial Applications}{subsection.2.3}% 17
\BOOKMARK [2][-]{subsection.2.4}{Online Learning Algorithms and Gradient Descent}{section.2}% 18
\BOOKMARK [2][-]{subsection.2.5}{Gradient Learning Improvements}{section.2}% 19
\BOOKMARK [3][-]{subsubsection.2.5.1}{Gradient Adjustments and Regularization}{subsection.2.5}% 20
\BOOKMARK [3][-]{subsubsection.2.5.2}{Dropout}{subsection.2.5}% 21
\BOOKMARK [3][-]{subsubsection.2.5.3}{Learning Rate Schedules}{subsection.2.5}% 22
\BOOKMARK [2][-]{subsection.2.6}{Backtesting and Model Validation}{section.2}% 23
\BOOKMARK [3][-]{subsubsection.2.6.1}{Testing Methodologies}{subsection.2.6}% 24
\BOOKMARK [3][-]{subsubsection.2.6.2}{Test Data Length}{subsection.2.6}% 25
\BOOKMARK [3][-]{subsubsection.2.6.3}{Sharpe Ratio}{subsection.2.6}% 26
\BOOKMARK [1][-]{section.3}{Software Libraries and Development}{}% 27
\BOOKMARK [2][-]{subsection.3.1}{Programming Languages}{section.3}% 28
\BOOKMARK [2][-]{subsection.3.2}{Data Generation \046 Processing}{section.3}% 29
\BOOKMARK [2][-]{subsection.3.3}{Network Training}{section.3}% 30
\BOOKMARK [3][-]{subsubsection.3.3.1}{Network Parameters}{subsection.3.3}% 31
\BOOKMARK [3][-]{subsubsection.3.3.2}{SGD \046 CD-1 Training Parameters}{subsection.3.3}% 32
\BOOKMARK [3][-]{subsubsection.3.3.3}{OGD Training Parameters}{subsection.3.3}% 33
\BOOKMARK [3][-]{subsubsection.3.3.4}{Network Trainer Module}{subsection.3.3}% 34
\protect \let \reserved@d =[\def \def \def \ht {\ht }\def \dp {\dp }\def \ht \z@ \z@ \dp {\ht \z@ \z@ \dp }\edef \ht \z@ \z@ \dp \z@ \z@ \box \z@ {\ht \z@ \z@ \dp \z@ \z@ \box \z@ }\setbox \z@ \hbox {\color@begingroup [1][-]\endgraf \endgroup }\ht \z@ \z@ \dp \z@ \z@ \box \z@ \futurelet \@let@token \let \def \ht {\ht }\def \dp {\dp }\def \ht \z@ \z@ \dp {\ht \z@ \z@ \dp }\edef \ht \z@ \z@ \dp \z@ \z@ \box \z@ {\ht \z@ \z@ \dp \z@ \z@ \box \z@ }\setbox \z@ \hbox {\color@begingroup \def \ht {\ht }\def \dp {\dp }\def \ht \z@ \z@ \dp {\ht \z@ \z@ \dp }\edef \ht \z@ \z@ \dp \z@ \z@ \box \z@ {\ht \z@ \z@ \dp \z@ \z@ \box \z@ }\setbox \z@ \hbox {\color@begingroup \endgraf \endgroup \endgraf \endgroup }\ht \z@ \z@ \dp \z@ \z@ \box \z@ }\ht \z@ \z@ \dp \z@ \z@ \box \z@ \def \ht {\ht }\def \dp {\dp }\def \ht \z@ \z@ \dp {\ht \z@ \z@ \dp }\edef \ht \z@ \z@ \dp \z@ \z@ \box \z@ {\ht \z@ \z@ \dp \z@ \z@ \box \z@ }\setbox \z@ \hbox {\color@begingroup [\endgraf \endgroup }\ht \z@ \z@ \dp \z@ \z@ \box \z@ 2][-]{subsection.3.4}{Process Implementation}{section.3}% 35
\protect \let \reserved@d =[\def \def \def \ht {\ht }\def \dp {\dp }\def \ht \z@ \z@ \dp {\ht \z@ \z@ \dp }\edef \ht \z@ \z@ \dp \z@ \z@ \box \z@ {\ht \z@ \z@ \dp \z@ \z@ \box \z@ }\setbox \z@ \hbox {\color@begingroup [1][-]\endgraf \endgroup }\ht \z@ \z@ \dp \z@ \z@ \box \z@ \futurelet \@let@token \let \def \ht {\ht }\def \dp {\dp }\def \ht \z@ \z@ \dp {\ht \z@ \z@ \dp }\edef \ht \z@ \z@ \dp \z@ \z@ \box \z@ {\ht \z@ \z@ \dp \z@ \z@ \box \z@ }\setbox \z@ \hbox {\color@begingroup \def \ht {\ht }\def \dp {\dp }\def \ht \z@ \z@ \dp {\ht \z@ \z@ \dp }\edef \ht \z@ \z@ \dp \z@ \z@ \box \z@ {\ht \z@ \z@ \dp \z@ \z@ \box \z@ }\setbox \z@ \hbox {\color@begingroup \endgraf \endgroup \endgraf \endgroup }\ht \z@ \z@ \dp \z@ \z@ \box \z@ }\ht \z@ \z@ \dp \z@ \z@ \box \z@ \def \ht {\ht }\def \dp {\dp }\def \ht \z@ \z@ \dp {\ht \z@ \z@ \dp }\edef \ht \z@ \z@ \dp \z@ \z@ \box \z@ {\ht \z@ \z@ \dp \z@ \z@ \box \z@ }\setbox \z@ \hbox {\color@begingroup [\endgraf \endgroup }\ht \z@ \z@ \dp \z@ \z@ \box \z@ 1][-]{section.4}{Data Processing and Generation }{}% 36
\protect \let \reserved@d =[\def \def \def \ht {\ht }\def \dp {\dp }\def \ht \z@ \z@ \dp {\ht \z@ \z@ \dp }\edef \ht \z@ \z@ \dp \z@ \z@ \box \z@ {\ht \z@ \z@ \dp \z@ \z@ \box \z@ }\setbox \z@ \hbox {\color@begingroup [1][-]\endgraf \endgroup }\ht \z@ \z@ \dp \z@ \z@ \box \z@ \futurelet \@let@token \let \def \ht {\ht }\def \dp {\dp }\def \ht \z@ \z@ \dp {\ht \z@ \z@ \dp }\edef \ht \z@ \z@ \dp \z@ \z@ \box \z@ {\ht \z@ \z@ \dp \z@ \z@ \box \z@ }\setbox \z@ \hbox {\color@begingroup \def \ht {\ht }\def \dp {\dp }\def \ht \z@ \z@ \dp {\ht \z@ \z@ \dp }\edef \ht \z@ \z@ \dp \z@ \z@ \box \z@ {\ht \z@ \z@ \dp \z@ \z@ \box \z@ }\setbox \z@ \hbox {\color@begingroup \endgraf \endgroup \endgraf \endgroup }\ht \z@ \z@ \dp \z@ \z@ \box \z@ }\ht \z@ \z@ \dp \z@ \z@ \box \z@ \def \ht {\ht }\def \dp {\dp }\def \ht \z@ \z@ \dp {\ht \z@ \z@ \dp }\edef \ht \z@ \z@ \dp \z@ \z@ \box \z@ {\ht \z@ \z@ \dp \z@ \z@ \box \z@ }\setbox \z@ \hbox {\color@begingroup [\endgraf \endgroup }\ht \z@ \z@ \dp \z@ \z@ \box \z@ 2][-]{subsection.4.1}{Data Processing}{section.4}% 37
\protect \let \reserved@d =[\def \def \def \ht {\ht }\def \dp {\dp }\def \ht \z@ \z@ \dp {\ht \z@ \z@ \dp }\edef \ht \z@ \z@ \dp \z@ \z@ \box \z@ {\ht \z@ \z@ \dp \z@ \z@ \box \z@ }\setbox \z@ \hbox {\color@begingroup [1][-]\endgraf \endgroup }\ht \z@ \z@ \dp \z@ \z@ \box \z@ \futurelet \@let@token \let \def \ht {\ht }\def \dp {\dp }\def \ht \z@ \z@ \dp {\ht \z@ \z@ \dp }\edef \ht \z@ \z@ \dp \z@ \z@ \box \z@ {\ht \z@ \z@ \dp \z@ \z@ \box \z@ }\setbox \z@ \hbox {\color@begingroup \def \ht {\ht }\def \dp {\dp }\def \ht \z@ \z@ \dp {\ht \z@ \z@ \dp }\edef \ht \z@ \z@ \dp \z@ \z@ \box \z@ {\ht \z@ \z@ \dp \z@ \z@ \box \z@ }\setbox \z@ \hbox {\color@begingroup \endgraf \endgroup \endgraf \endgroup }\ht \z@ \z@ \dp \z@ \z@ \box \z@ }\ht \z@ \z@ \dp \z@ \z@ \box \z@ \def \ht {\ht }\def \dp {\dp }\def \ht \z@ \z@ \dp {\ht \z@ \z@ \dp }\edef \ht \z@ \z@ \dp \z@ \z@ \box \z@ {\ht \z@ \z@ \dp \z@ \z@ \box \z@ }\setbox \z@ \hbox {\color@begingroup [\endgraf \endgroup }\ht \z@ \z@ \dp \z@ \z@ \box \z@ 3][-]{subsubsection.4.1.1}{Log Difference Transformation and Aggregation}{subsection.4.1}% 38
\protect \let \reserved@d =[\def \def equation{equation}\edef  on input line 1020{ on input line 1022}\let  
\protect \let \reserved@d =[\def \def equation{equation}\edef  on input line 1020{ on input line 1022}\let  
\protect \let \reserved@d =[\def \def \begingroup \let \@@protect \protect \let \protect \protect \afterassignment \let \protect \@@protect \edef GBM Data Distributions{[1][-]}\edef {\futurelet }\toks@ {\endgroup \par }\let  
\protect \let \reserved@d =[\def \def \begingroup \let \@@protect \protect \let \protect \protect \afterassignment \let \protect \@@protect \edef GBM Data Distributions{[1][-]}\edef {\futurelet }\toks@ {\endgroup \par }\let  
\protect \let \reserved@d =[\def \def \begingroup \let \@@protect \protect \let \protect \protect \afterassignment \let \protect \@@protect \edef GBM Data Distributions{[1][-]}\edef {\futurelet }\toks@ {\endgroup \par }\let  
\protect \let \reserved@d =[\def \def \begingroup \let \@@protect \protect \let \protect \protect \afterassignment \let \protect \@@protect \edef Process Overview{[1][-]}\edef {\futurelet }\toks@ {\endgroup \par }\let  
\protect \let \reserved@d =[\def \def \begingroup \let \@@protect \protect \let \protect \protect \afterassignment \let \protect \@@protect \edef Process Overview{[1][-]}\edef {\futurelet }\toks@ {\endgroup \par }\let  
\protect \let \reserved@d =[\def \def \begingroup \let \@@protect \protect \let \protect \protect \afterassignment \let \protect \@@protect \edef Process Overview{[1][-]}\edef {\futurelet }\toks@ {\endgroup \par }\let  
\protect \let \reserved@d =[\def \def \unskip \reserved@e {\reserved@f \relax }\penalty \@M \hfil \penalty -\@M {[1][-]}\futurelet \@let@token \let \unskip \reserved@e {\reserved@f \relax }\penalty \@M \hfil \penalty -\@M \unskip \reserved@e {\reserved@f \relax }\penalty \@M \hfil \penalty -\@M \unskip \reserved@e {\reserved@f \relax }\penalty \@M \hfil \penalty -\@M [2][-]{subsection.5.2}{Feedforward Neural Networks}{section.5}% 47
\protect \let \reserved@d =[\def \def \unskip \reserved@e {\reserved@f \relax }\penalty \@M \hfil \penalty -\@M {[1][-]}\futurelet \@let@token \let \unskip \reserved@e {\reserved@f \relax }\penalty \@M \hfil \penalty -\@M \unskip \reserved@e {\reserved@f \relax }\penalty \@M \hfil \penalty -\@M \unskip \reserved@e {\reserved@f \relax }\penalty \@M \hfil \penalty -\@M [3][-]{subsubsection.5.2.1}{Notation and Network Representation}{subsection.5.2}% 48
\protect \let \reserved@d =[\def \def \begingroup \let \@@protect \protect \let \protect \protect \afterassignment \let \protect \@@protect \edef Backpropagation{[1][-]}\edef {\futurelet }\toks@ {\endgroup \par }\let  
\protect \let \reserved@d =[\def \def \begingroup \let \@@protect \protect \let \protect \protect \afterassignment \let \protect \@@protect \edef Backpropagation{[1][-]}\edef {\futurelet }\toks@ {\endgroup \par }\let  
\protect \let \reserved@d =[\def \def \begingroup \let \@@protect \protect \let \protect \protect \afterassignment \let \protect \@@protect \edef Gradient Descent Algorithms{[1][-]}\edef {\futurelet }\toks@ {\endgroup \par }\let  
