\BOOKMARK [1][-]{Doc-Start}{List of Figures}{}% 1
\BOOKMARK [1][-]{Doc-Start}{List of Tables}{}% 2
\BOOKMARK [1][-]{section.1}{Introduction}{}% 3
\BOOKMARK [1][-]{section.2}{Literature Review}{}% 4
\BOOKMARK [2][-]{subsection.2.1}{Technical Analysis}{section.2}% 5
\BOOKMARK [2][-]{subsection.2.2}{Neural Networks}{section.2}% 6
\BOOKMARK [3][-]{subsubsection.2.2.1}{Training and Backpropagation}{subsection.2.2}% 7
\BOOKMARK [3][-]{subsubsection.2.2.2}{Activation Functions}{subsection.2.2}% 8
\BOOKMARK [3][-]{subsubsection.2.2.3}{Deep Learning}{subsection.2.2}% 9
\BOOKMARK [3][-]{subsubsection.2.2.4}{Weight Initialization Improvements}{subsection.2.2}% 10
\BOOKMARK [2][-]{subsection.2.3}{Stacked AutoEncoders}{section.2}% 11
\BOOKMARK [3][-]{subsubsection.2.3.1}{High Dimensional Data Reduction}{subsection.2.3}% 12
\BOOKMARK [3][-]{subsubsection.2.3.2}{Deep Belief Networks}{subsection.2.3}% 13
\BOOKMARK [3][-]{subsubsection.2.3.3}{Stacked Denoising AutoEncoders}{subsection.2.3}% 14
\BOOKMARK [3][-]{subsubsection.2.3.4}{Pre-training}{subsection.2.3}% 15
\BOOKMARK [3][-]{subsubsection.2.3.5}{Time Series Applications}{subsection.2.3}% 16
\BOOKMARK [3][-]{subsubsection.2.3.6}{Financial Applications}{subsection.2.3}% 17
\BOOKMARK [2][-]{subsection.2.4}{Online Learning Algorithms and Gradient Descent}{section.2}% 18
\BOOKMARK [2][-]{subsection.2.5}{Gradient Learning Improvements}{section.2}% 19
\BOOKMARK [3][-]{subsubsection.2.5.1}{Gradient Adjustments and Regularization}{subsection.2.5}% 20
\BOOKMARK [3][-]{subsubsection.2.5.2}{Dropout}{subsection.2.5}% 21
\BOOKMARK [3][-]{subsubsection.2.5.3}{Learning Rate Schedules}{subsection.2.5}% 22
\BOOKMARK [2][-]{subsection.2.6}{Backtesting and Model Validation}{section.2}% 23
\BOOKMARK [3][-]{subsubsection.2.6.1}{Sharpe Ratio Assessment Methodologies}{subsection.2.6}% 24
\BOOKMARK [3][-]{subsubsection.2.6.2}{Generalised Assessment Methodologies}{subsection.2.6}% 25
\BOOKMARK [3][-]{subsubsection.2.6.3}{Test Data Length}{subsection.2.6}% 26
\BOOKMARK [1][-]{section.3}{Data Processing and Generation }{}% 27
\BOOKMARK [2][-]{subsection.3.1}{Data Processing}{section.3}% 28
\BOOKMARK [3][-]{subsubsection.3.1.1}{Log Difference Transformation and Aggregation}{subsection.3.1}% 29
\BOOKMARK [3][-]{subsubsection.3.1.2}{Data Scaling}{subsection.3.1}% 30
\BOOKMARK [4][-]{paragraph.3.1.2.1}{Standardization}{subsubsection.3.1.2}% 31
\BOOKMARK [4][-]{paragraph.3.1.2.2}{Normalization}{subsubsection.3.1.2}% 32
\BOOKMARK [4][-]{paragraph.3.1.2.3}{Limited Standardization}{subsubsection.3.1.2}% 33
\BOOKMARK [4][-]{paragraph.3.1.2.4}{Limited Normalization}{subsubsection.3.1.2}% 34
\BOOKMARK [3][-]{subsubsection.3.1.3}{Reverse Data Scaling}{subsection.3.1}% 35
\BOOKMARK [4][-]{paragraph.3.1.3.1}{Reverse Standardization}{subsubsection.3.1.3}% 36
\BOOKMARK [4][-]{paragraph.3.1.3.2}{Reverse Normalization}{subsubsection.3.1.3}% 37
\BOOKMARK [3][-]{subsubsection.3.1.4}{Price Reconstruction}{subsection.3.1}% 38
\BOOKMARK [2][-]{subsection.3.2}{Synthetic Data Generation}{section.3}% 39
\BOOKMARK [3][-]{subsubsection.3.2.1}{GBM Data Distributions}{subsection.3.2}% 40
\BOOKMARK [2][-]{subsection.3.3}{Price Considerations}{section.3}% 41
\BOOKMARK [1][-]{section.4}{Models and Algorithms}{}% 42
\BOOKMARK [2][-]{subsection.4.1}{Process Overview}{section.4}% 43
\BOOKMARK [2][-]{subsection.4.2}{Feedforward Neural Networks}{section.4}% 44
\BOOKMARK [3][-]{subsubsection.4.2.1}{Notation and Network Representation}{subsection.4.2}% 45
\BOOKMARK [3][-]{subsubsection.4.2.2}{Activation Functions}{subsection.4.2}% 46
\BOOKMARK [4][-]{paragraph.4.2.2.1}{Sigmoid}{subsubsection.4.2.2}% 47
\BOOKMARK [4][-]{paragraph.4.2.2.2}{ReLU}{subsubsection.4.2.2}% 48
\BOOKMARK [4][-]{paragraph.4.2.2.3}{Leaky ReLU}{subsubsection.4.2.2}% 49
\BOOKMARK [4][-]{paragraph.4.2.2.4}{Linear Activation}{subsubsection.4.2.2}% 50
\BOOKMARK [3][-]{subsubsection.4.2.3}{Backpropagation}{subsection.4.2}% 51
\BOOKMARK [3][-]{subsubsection.4.2.4}{Gradient Descent Algorithms}{subsection.4.2}% 52
\BOOKMARK [3][-]{subsubsection.4.2.5}{Regularization}{subsection.4.2}% 53
\BOOKMARK [3][-]{subsubsection.4.2.6}{Learning Rate Schedule}{subsection.4.2}% 54
\BOOKMARK [3][-]{subsubsection.4.2.7}{Dropout}{subsection.4.2}% 55
\BOOKMARK [2][-]{subsection.4.3}{Restricted Boltzmann Machines}{section.4}% 56
\BOOKMARK [3][-]{subsubsection.4.3.1}{Contrastive Divergence}{subsection.4.3}% 57
\BOOKMARK [3][-]{subsubsection.4.3.2}{CD-1 and SGD}{subsection.4.3}% 58
\BOOKMARK [2][-]{subsection.4.4}{Stacked AutoEncoders}{section.4}% 59
\BOOKMARK [3][-]{subsubsection.4.4.1}{Sigmoid based Greedy Layerwise SAE Training}{subsection.4.4}% 60
\BOOKMARK [3][-]{subsubsection.4.4.2}{ReLU based SAE Training}{subsection.4.4}% 61
\BOOKMARK [3][-]{subsubsection.4.4.3}{Denoising AutoEncoders}{subsection.4.4}% 62
\BOOKMARK [4][-]{paragraph.4.4.3.1}{Additive Gaussian Noise}{subsubsection.4.4.3}% 63
\BOOKMARK [4][-]{paragraph.4.4.3.2}{Masking Noise}{subsubsection.4.4.3}% 64
\BOOKMARK [2][-]{subsection.4.5}{Variance Based Weight Initializations}{section.4}% 65
\BOOKMARK [3][-]{subsubsection.4.5.1}{Initialization Rationale}{subsection.4.5}% 66
\BOOKMARK [3][-]{subsubsection.4.5.2}{Initializations}{subsection.4.5}% 67
\BOOKMARK [4][-]{paragraph.4.5.2.1}{``Xavier'' Initialization}{subsubsection.4.5.2}% 68
\BOOKMARK [4][-]{paragraph.4.5.2.2}{``He'' Initialization}{subsubsection.4.5.2}% 69
\BOOKMARK [4][-]{paragraph.4.5.2.3}{``He-Adjusted'' Initialization}{subsubsection.4.5.2}% 70
\BOOKMARK [2][-]{subsection.4.6}{Money Management Strategy and Returns}{section.4}% 71
\BOOKMARK [3][-]{subsubsection.4.6.1}{Input Variables}{subsection.4.6}% 72
\BOOKMARK [3][-]{subsubsection.4.6.2}{Calculated Asset Variables}{subsection.4.6}% 73
\BOOKMARK [3][-]{subsubsection.4.6.3}{Calculated Strategy Variables}{subsection.4.6}% 74
\BOOKMARK [2][-]{subsection.4.7}{Combinatorially Symmetric Cross-Validation and Probability of Backtest Overfitting}{section.4}% 75
\BOOKMARK [2][-]{subsection.4.8}{Deflated Sharpe Ratio}{section.4}% 76
\BOOKMARK [3][-]{subsubsection.4.8.1}{Optimal Number of Clusters Algorithm}{subsection.4.8}% 77
\BOOKMARK [3][-]{subsubsection.4.8.2}{Sharpe Ratio Normality and Probabilistic Sharpe Ratio}{subsection.4.8}% 78
\BOOKMARK [3][-]{subsubsection.4.8.3}{False Strategy Theorem}{subsection.4.8}% 79
\BOOKMARK [3][-]{subsubsection.4.8.4}{Deflated Sharpe Ratio}{subsection.4.8}% 80
\BOOKMARK [4][-]{paragraph.4.8.4.1}{Estimating `39`42`"613A``45`47`"603AE[K] and Var[SRk"0362SRk]}{subsubsection.4.8.4}% 81
\BOOKMARK [1][-]{section.5}{Framework Implementation}{}% 82
\BOOKMARK [2][-]{subsection.5.1}{Parameter Space Exploration}{section.5}% 83
\BOOKMARK [2][-]{subsection.5.2}{Synthetic Data}{section.5}% 84
\BOOKMARK [2][-]{subsection.5.3}{Data Preparation}{section.5}% 85
\BOOKMARK [3][-]{subsubsection.5.3.1}{Data Window Aggregations}{subsection.5.3}% 86
\BOOKMARK [3][-]{subsubsection.5.3.2}{Point Predictions}{subsection.5.3}% 87
\BOOKMARK [3][-]{subsubsection.5.3.3}{Scaling}{subsection.5.3}% 88
\BOOKMARK [2][-]{subsection.5.4}{Data Segregation}{section.5}% 89
\BOOKMARK [2][-]{subsection.5.5}{Unsupervised Learning: SAE Training}{section.5}% 90
\BOOKMARK [2][-]{subsection.5.6}{Supervised Learning: Prediction Network Training}{section.5}% 91
\BOOKMARK [2][-]{subsection.5.7}{Price Reconstruction}{section.5}% 92
\BOOKMARK [2][-]{subsection.5.8}{Money Management Strategy}{section.5}% 93
\BOOKMARK [2][-]{subsection.5.9}{Probability of Backtest Overfitting}{section.5}% 94
\BOOKMARK [2][-]{subsection.5.10}{Deflated Sharpe Ratio}{section.5}% 95
\BOOKMARK [2][-]{subsection.5.11}{Process Diagram}{section.5}% 96
\BOOKMARK [1][-]{section.6}{Software Libraries and Development}{}% 97
\BOOKMARK [2][-]{subsection.6.1}{Programming Languages}{section.6}% 98
\BOOKMARK [2][-]{subsection.6.2}{Data Generation \046 Processing}{section.6}% 99
\BOOKMARK [2][-]{subsection.6.3}{Network Training}{section.6}% 100
\BOOKMARK [2][-]{subsection.6.4}{Process Implementation}{section.6}% 101
\BOOKMARK [2][-]{subsection.6.5}{Database Implementation}{section.6}% 102
\BOOKMARK [2][-]{subsection.6.6}{Diagnostic Libraries}{section.6}% 103
\BOOKMARK [1][-]{section.7}{Datasets Used}{}% 104
\BOOKMARK [2][-]{subsection.7.1}{Actual Datasets}{section.7}% 105
\BOOKMARK [3][-]{subsubsection.7.1.1}{``Actual10''}{subsection.7.1}% 106
\BOOKMARK [3][-]{subsubsection.7.1.2}{``Scaling10''}{subsection.7.1}% 107
\BOOKMARK [3][-]{subsubsection.7.1.3}{``AGL'' and ``AGL\046ACL''}{subsection.7.1}% 108
\BOOKMARK [2][-]{subsection.7.2}{Synthetic Datasets}{section.7}% 109
\BOOKMARK [3][-]{subsubsection.7.2.1}{``Synthetic6''}{subsection.7.2}% 110
\BOOKMARK [3][-]{subsubsection.7.2.2}{``Synthetic10''}{subsection.7.2}% 111
\BOOKMARK [1][-]{section.8}{Results}{}% 112
\BOOKMARK [2][-]{subsection.8.1}{Introduction}{section.8}% 113
\BOOKMARK [3][-]{subsubsection.8.1.1}{Technical Notes}{subsection.8.1}% 114
\BOOKMARK [2][-]{subsection.8.2}{Primary Determinants of OOS P\046L}{section.8}% 115
\BOOKMARK [3][-]{subsubsection.8.2.1}{Effects of Data Horizon Aggregations}{subsection.8.2}% 116
\BOOKMARK [3][-]{subsubsection.8.2.2}{OGD Learning Rate}{subsection.8.2}% 117
\BOOKMARK [3][-]{subsubsection.8.2.3}{Feature Selection}{subsection.8.2}% 118
\BOOKMARK [2][-]{subsection.8.3}{Value of Historical Signal}{section.8}% 119
\BOOKMARK [2][-]{subsection.8.4}{Weight Initializaton Techniques}{section.8}% 120
\BOOKMARK [3][-]{subsubsection.8.4.1}{RBM Pretraining for Sigmoid Networks}{subsection.8.4}% 121
\BOOKMARK [3][-]{subsubsection.8.4.2}{Variance Based Weight Initialization Techniques}{subsection.8.4}% 122
\BOOKMARK [2][-]{subsection.8.5}{Synthetic Data}{section.8}% 123
\BOOKMARK [3][-]{subsubsection.8.5.1}{GBM Generated Data}{subsection.8.5}% 124
\BOOKMARK [3][-]{subsubsection.8.5.2}{Synthetic Data Horizon Effects}{subsection.8.5}% 125
\BOOKMARK [3][-]{subsubsection.8.5.3}{Synthetic Data Feature Selection}{subsection.8.5}% 126
\BOOKMARK [2][-]{subsection.8.6}{Complexity of Financial Time Series}{section.8}% 127
\BOOKMARK [3][-]{subsubsection.8.6.1}{Data Scaling}{subsection.8.6}% 128
\BOOKMARK [3][-]{subsubsection.8.6.2}{SAE Reproduction}{subsection.8.6}% 129
\BOOKMARK [3][-]{subsubsection.8.6.3}{FFN Prediction}{subsection.8.6}% 130
\BOOKMARK [2][-]{subsection.8.7}{Network Structure}{section.8}% 131
\BOOKMARK [3][-]{subsubsection.8.7.1}{Effects of Network Size}{subsection.8.7}% 132
\BOOKMARK [4][-]{paragraph.8.7.1.1}{SAE Network Structures}{subsubsection.8.7.1}% 133
\BOOKMARK [3][-]{subsubsection.8.7.2}{Effects of Activation Functions}{subsection.8.7}% 134
\BOOKMARK [3][-]{subsubsection.8.7.3}{Predictive FFN Activations and Scaling}{subsection.8.7}% 135
\BOOKMARK [3][-]{subsubsection.8.7.4}{Sigmoid Activation Functions}{subsection.8.7}% 136
\BOOKMARK [3][-]{subsubsection.8.7.5}{Leaky ReLU vs ReLU}{subsection.8.7}% 137
\BOOKMARK [2][-]{subsection.8.8}{Money Management Strategy}{section.8}% 138
\BOOKMARK [2][-]{subsection.8.9}{Probability of Backtest Overfitting}{section.8}% 139
\BOOKMARK [3][-]{subsubsection.8.9.1}{Concerns Regarding the PBO Calculation}{subsection.8.9}% 140
\BOOKMARK [3][-]{subsubsection.8.9.2}{PBO Results}{subsection.8.9}% 141
\BOOKMARK [3][-]{subsubsection.8.9.3}{Framework Success}{subsection.8.9}% 142
\BOOKMARK [2][-]{subsection.8.10}{Deflated Sharpe Ratio}{section.8}% 143
\BOOKMARK [3][-]{subsubsection.8.10.1}{Computational Complexity}{subsection.8.10}% 144
\BOOKMARK [3][-]{subsubsection.8.10.2}{ONC Results}{subsection.8.10}% 145
\BOOKMARK [3][-]{subsubsection.8.10.3}{DSR and PSR Results}{subsection.8.10}% 146
\BOOKMARK [3][-]{subsubsection.8.10.4}{Framework Success}{subsection.8.10}% 147
\BOOKMARK [2][-]{subsection.8.11}{Summary of Actual and Synthetic Data Effects}{section.8}% 148
\BOOKMARK [1][-]{section.9}{Conclusion}{}% 149
\BOOKMARK [1][-]{section.10}{Future Work}{}% 150
\BOOKMARK [1][-]{section.11}{Appendix}{}% 151
\BOOKMARK [2][-]{subsection.11.1}{Additional Results}{section.11}% 152
\BOOKMARK [3][-]{subsubsection.11.1.1}{Additional Results for Section 8.2 - Feature Selection }{subsection.11.1}% 153
\BOOKMARK [3][-]{subsubsection.11.1.2}{Additional Results for Section 8.4 - Weight Initialization Techniques }{subsection.11.1}% 154
\BOOKMARK [3][-]{subsubsection.11.1.3}{Additional Results for Section 8.6 - Complexity of Financial Time Series}{subsection.11.1}% 155
\BOOKMARK [4][-]{paragraph.11.1.3.1}{Effects of Learning Rate Epoch Cycles}{subsubsection.11.1.3}% 156
\BOOKMARK [4][-]{paragraph.11.1.3.2}{Effects of Learning Rate Epoch Cycles}{subsubsection.11.1.3}% 157
\BOOKMARK [3][-]{subsubsection.11.1.4}{Additional Results for Section 8.7 - Network Structure and Training }{subsection.11.1}% 158
\BOOKMARK [2][-]{subsection.11.2}{Additional Calculations for Section 8.10 - DSR and ONC}{section.11}% 159
\BOOKMARK [3][-]{subsubsection.11.2.1}{DSR and PSR calculations}{subsection.11.2}% 160
\BOOKMARK [2][-]{subsection.11.3}{Configuration Sets Used}{section.11}% 161
\BOOKMARK [3][-]{subsubsection.11.3.1}{Configuration 1}{subsection.11.3}% 162
\BOOKMARK [3][-]{subsubsection.11.3.2}{Configuration 2}{subsection.11.3}% 163
\BOOKMARK [3][-]{subsubsection.11.3.3}{Configuration 3}{subsection.11.3}% 164
\BOOKMARK [3][-]{subsubsection.11.3.4}{Configuration 4}{subsection.11.3}% 165
\BOOKMARK [3][-]{subsubsection.11.3.5}{Configuration 5}{subsection.11.3}% 166
\BOOKMARK [3][-]{subsubsection.11.3.6}{Configuration 6}{subsection.11.3}% 167
\BOOKMARK [3][-]{subsubsection.11.3.7}{Configuration 7}{subsection.11.3}% 168
\BOOKMARK [3][-]{subsubsection.11.3.8}{Configuration 8}{subsection.11.3}% 169
\BOOKMARK [3][-]{subsubsection.11.3.9}{Configuration 9}{subsection.11.3}% 170
\BOOKMARK [3][-]{subsubsection.11.3.10}{Configuration 10}{subsection.11.3}% 171
\BOOKMARK [3][-]{subsubsection.11.3.11}{Configuration 11}{subsection.11.3}% 172
\BOOKMARK [3][-]{subsubsection.11.3.12}{Configuration 12}{subsection.11.3}% 173
\BOOKMARK [3][-]{subsubsection.11.3.13}{Configuration 13}{subsection.11.3}% 174
\BOOKMARK [3][-]{subsubsection.11.3.14}{Configuration 14}{subsection.11.3}% 175
\BOOKMARK [3][-]{subsubsection.11.3.15}{Configuration 15}{subsection.11.3}% 176
\BOOKMARK [3][-]{subsubsection.11.3.16}{Configuration 16}{subsection.11.3}% 177
\BOOKMARK [3][-]{subsubsection.11.3.17}{Configuration 17}{subsection.11.3}% 178
\BOOKMARK [2][-]{subsection.11.4}{Diagnostic Charts}{section.11}% 179
\BOOKMARK [1][-]{section.12}{References}{}% 180
