\BOOKMARK [1][-]{section*.1}{List of Figures}{}% 1
\BOOKMARK [1][-]{section*.1}{List of Tables}{}% 2
\BOOKMARK [1][-]{section.1}{Introduction}{}% 3
\BOOKMARK [1][-]{section.2}{Literature Review}{}% 4
\BOOKMARK [2][-]{subsection.2.1}{Technical Analysis}{section.2}% 5
\BOOKMARK [2][-]{subsection.2.2}{Neural Networks}{section.2}% 6
\BOOKMARK [3][-]{subsubsection.2.2.1}{Training and Backpropagation}{subsection.2.2}% 7
\BOOKMARK [3][-]{subsubsection.2.2.2}{Activation Functions}{subsection.2.2}% 8
\BOOKMARK [3][-]{subsubsection.2.2.3}{Deep Learning}{subsection.2.2}% 9
\BOOKMARK [3][-]{subsubsection.2.2.4}{Weight Initialization Improvements}{subsection.2.2}% 10
\BOOKMARK [2][-]{subsection.2.3}{Stacked Autoencoders}{section.2}% 11
\BOOKMARK [3][-]{subsubsection.2.3.1}{High Dimensional Data Reduction}{subsection.2.3}% 12
\BOOKMARK [3][-]{subsubsection.2.3.2}{Deep Belief Networks}{subsection.2.3}% 13
\BOOKMARK [3][-]{subsubsection.2.3.3}{Stacked Denoising Autoencoders}{subsection.2.3}% 14
\BOOKMARK [3][-]{subsubsection.2.3.4}{Pre-training}{subsection.2.3}% 15
\BOOKMARK [3][-]{subsubsection.2.3.5}{Time Series Applications}{subsection.2.3}% 16
\BOOKMARK [3][-]{subsubsection.2.3.6}{Financial Applications}{subsection.2.3}% 17
\BOOKMARK [2][-]{subsection.2.4}{Online Learning Algorithms and Gradient Descent}{section.2}% 18
\BOOKMARK [2][-]{subsection.2.5}{Gradient Learning Improvements}{section.2}% 19
\BOOKMARK [3][-]{subsubsection.2.5.1}{Gradient Adjustments and Regularization}{subsection.2.5}% 20
\BOOKMARK [3][-]{subsubsection.2.5.2}{Dropout}{subsection.2.5}% 21
\BOOKMARK [3][-]{subsubsection.2.5.3}{Learning Rate Schedules}{subsection.2.5}% 22
\BOOKMARK [2][-]{subsection.2.6}{Backtesting and Model Validation}{section.2}% 23
\BOOKMARK [3][-]{subsubsection.2.6.1}{Sharpe Ratio Assessment Methodologies}{subsection.2.6}% 24
\BOOKMARK [3][-]{subsubsection.2.6.2}{Generalised Assessment Methodologies}{subsection.2.6}% 25
\BOOKMARK [3][-]{subsubsection.2.6.3}{Test Data Length}{subsection.2.6}% 26
\BOOKMARK [1][-]{section.3}{Data Processing and Generation }{}% 27
\BOOKMARK [2][-]{subsection.3.1}{Data Processing}{section.3}% 28
\BOOKMARK [3][-]{subsubsection.3.1.1}{Log Difference Transformation and Aggregation}{subsection.3.1}% 29
\BOOKMARK [3][-]{subsubsection.3.1.2}{Data Scaling}{subsection.3.1}% 30
\BOOKMARK [4][-]{paragraph.3.1.2.1}{Standardization}{subsubsection.3.1.2}% 31
\BOOKMARK [4][-]{paragraph.3.1.2.2}{Normalization}{subsubsection.3.1.2}% 32
\BOOKMARK [4][-]{paragraph.3.1.2.3}{Limited Standardization}{subsubsection.3.1.2}% 33
\BOOKMARK [4][-]{paragraph.3.1.2.4}{Limited Normalization}{subsubsection.3.1.2}% 34
\BOOKMARK [3][-]{subsubsection.3.1.3}{Reverse Data Scaling}{subsection.3.1}% 35
\BOOKMARK [4][-]{paragraph.3.1.3.1}{Reverse Standardization}{subsubsection.3.1.3}% 36
\BOOKMARK [4][-]{paragraph.3.1.3.2}{Reverse Normalization}{subsubsection.3.1.3}% 37
\BOOKMARK [3][-]{subsubsection.3.1.4}{Price Reconstruction}{subsection.3.1}% 38
\BOOKMARK [2][-]{subsection.3.2}{Synthetic Data Generation}{section.3}% 39
\BOOKMARK [3][-]{subsubsection.3.2.1}{GBM Data Distributions}{subsection.3.2}% 40
\BOOKMARK [2][-]{subsection.3.3}{Price Considerations}{section.3}% 41
\BOOKMARK [1][-]{section.4}{Models and Algorithms}{}% 42
\BOOKMARK [2][-]{subsection.4.1}{Process Overview}{section.4}% 43
\BOOKMARK [2][-]{subsection.4.2}{Feedforward Neural Networks}{section.4}% 44
\BOOKMARK [3][-]{subsubsection.4.2.1}{Notation and Network Representation}{subsection.4.2}% 45
\BOOKMARK [3][-]{subsubsection.4.2.2}{Activation Functions}{subsection.4.2}% 46
\BOOKMARK [4][-]{paragraph.4.2.2.1}{Sigmoid}{subsubsection.4.2.2}% 47
\BOOKMARK [4][-]{paragraph.4.2.2.2}{ReLU}{subsubsection.4.2.2}% 48
\BOOKMARK [4][-]{paragraph.4.2.2.3}{Leaky ReLU}{subsubsection.4.2.2}% 49
\BOOKMARK [4][-]{paragraph.4.2.2.4}{Linear Activation}{subsubsection.4.2.2}% 50
\BOOKMARK [3][-]{subsubsection.4.2.3}{Backpropagation}{subsection.4.2}% 51
\BOOKMARK [3][-]{subsubsection.4.2.4}{Gradient Descent Algorithms}{subsection.4.2}% 52
\BOOKMARK [3][-]{subsubsection.4.2.5}{Regularization}{subsection.4.2}% 53
\BOOKMARK [3][-]{subsubsection.4.2.6}{Learning Rate Schedule}{subsection.4.2}% 54
\BOOKMARK [3][-]{subsubsection.4.2.7}{Dropout}{subsection.4.2}% 55
\BOOKMARK [2][-]{subsection.4.3}{Restricted Boltzmann Machines}{section.4}% 56
\BOOKMARK [3][-]{subsubsection.4.3.1}{Contrastive Divergence}{subsection.4.3}% 57
\BOOKMARK [3][-]{subsubsection.4.3.2}{CD-1 and SGD}{subsection.4.3}% 58
\BOOKMARK [2][-]{subsection.4.4}{Stacked Autoencoders}{section.4}% 59
\BOOKMARK [3][-]{subsubsection.4.4.1}{Sigmoid based Greedy Layerwise SAE Training}{subsection.4.4}% 60
\BOOKMARK [3][-]{subsubsection.4.4.2}{ReLU based SAE Training}{subsection.4.4}% 61
\BOOKMARK [3][-]{subsubsection.4.4.3}{Denoising Autoencoders}{subsection.4.4}% 62
\BOOKMARK [4][-]{paragraph.4.4.3.1}{Additive Gaussian Noise}{subsubsection.4.4.3}% 63
\BOOKMARK [4][-]{paragraph.4.4.3.2}{Masking Noise}{subsubsection.4.4.3}% 64
\BOOKMARK [2][-]{subsection.4.5}{Variance Based Weight Initializations}{section.4}% 65
\BOOKMARK [3][-]{subsubsection.4.5.1}{Initialization Rationale}{subsection.4.5}% 66
\BOOKMARK [3][-]{subsubsection.4.5.2}{Initializations}{subsection.4.5}% 67
\BOOKMARK [4][-]{paragraph.4.5.2.1}{Xavier}{subsubsection.4.5.2}% 68
\BOOKMARK [4][-]{paragraph.4.5.2.2}{He}{subsubsection.4.5.2}% 69
\BOOKMARK [4][-]{paragraph.4.5.2.3}{He-Adjusted}{subsubsection.4.5.2}% 70
\BOOKMARK [2][-]{subsection.4.6}{Money Management Strategy and Returns}{section.4}% 71
\BOOKMARK [3][-]{subsubsection.4.6.1}{Input Variables}{subsection.4.6}% 72
\BOOKMARK [3][-]{subsubsection.4.6.2}{Calculated Stock Variables}{subsection.4.6}% 73
\BOOKMARK [2][-]{subsection.4.7}{CSCV and PBO}{section.4}% 74
\BOOKMARK [2][-]{subsection.4.8}{DSR and ONC}{section.4}% 75
\BOOKMARK [3][-]{subsubsection.4.8.1}{Optimal Number of Clusters Algorithm}{subsection.4.8}% 76
\BOOKMARK [3][-]{subsubsection.4.8.2}{Sharpe Ratio Normality and Probabilistic Sharpe Ratio}{subsection.4.8}% 77
\BOOKMARK [3][-]{subsubsection.4.8.3}{False Strategy Theorem}{subsection.4.8}% 78
\BOOKMARK [3][-]{subsubsection.4.8.4}{Deflated Sharpe Ratio}{subsection.4.8}% 79
\BOOKMARK [4][-]{paragraph.4.8.4.1}{Estimating E[K] and V[SRk"0362SRk]}{subsubsection.4.8.4}% 80
\BOOKMARK [1][-]{section.5}{Full Process}{}% 81
\BOOKMARK [2][-]{subsection.5.1}{Parameter Space Exploration}{section.5}% 82
\BOOKMARK [2][-]{subsection.5.2}{Synthetic Data}{section.5}% 83
\BOOKMARK [2][-]{subsection.5.3}{Data Preparation}{section.5}% 84
\BOOKMARK [3][-]{subsubsection.5.3.1}{Data Window Aggregations}{subsection.5.3}% 85
\BOOKMARK [3][-]{subsubsection.5.3.2}{Point Predictions}{subsection.5.3}% 86
\BOOKMARK [3][-]{subsubsection.5.3.3}{Scaling}{subsection.5.3}% 87
\BOOKMARK [2][-]{subsection.5.4}{Data Segregation}{section.5}% 88
\BOOKMARK [2][-]{subsection.5.5}{Unsupervised Learning: SAE Training}{section.5}% 89
\BOOKMARK [2][-]{subsection.5.6}{Supervised Learning: Prediction Network Training}{section.5}% 90
\BOOKMARK [2][-]{subsection.5.7}{Price Reconstruction}{section.5}% 91
\BOOKMARK [2][-]{subsection.5.8}{Money Management Strategy}{section.5}% 92
\BOOKMARK [2][-]{subsection.5.9}{CSCV \046 PBO}{section.5}% 93
\BOOKMARK [2][-]{subsection.5.10}{DSR}{section.5}% 94
\BOOKMARK [2][-]{subsection.5.11}{Process Diagram}{section.5}% 95
\BOOKMARK [1][-]{section.6}{Datasets Used}{}% 96
\BOOKMARK [2][-]{subsection.6.1}{Synthetic Datasets}{section.6}% 97
\BOOKMARK [3][-]{subsubsection.6.1.1}{Synthetic6}{subsection.6.1}% 98
\BOOKMARK [3][-]{subsubsection.6.1.2}{Synthetic10}{subsection.6.1}% 99
\BOOKMARK [2][-]{subsection.6.2}{Actual Datasets}{section.6}% 100
\BOOKMARK [3][-]{subsubsection.6.2.1}{Actual10}{subsection.6.2}% 101
\BOOKMARK [3][-]{subsubsection.6.2.2}{AGL}{subsection.6.2}% 102
\BOOKMARK [3][-]{subsubsection.6.2.3}{AGL\046ACL}{subsection.6.2}% 103
\BOOKMARK [3][-]{subsubsection.6.2.4}{Scaling10}{subsection.6.2}% 104
\BOOKMARK [1][-]{section.7}{Results}{}% 105
\BOOKMARK [2][-]{subsection.7.1}{Introduction}{section.7}% 106
\BOOKMARK [3][-]{subsubsection.7.1.1}{Overview}{subsection.7.1}% 107
\BOOKMARK [2][-]{subsection.7.2}{Linearity, Complexity and Structure of Data}{section.7}% 108
\BOOKMARK [3][-]{subsubsection.7.2.1}{GBM Generated Data}{subsection.7.2}% 109
\BOOKMARK [3][-]{subsubsection.7.2.2}{Effects of Activation Functions and Scaling}{subsection.7.2}% 110
\BOOKMARK [3][-]{subsubsection.7.2.3}{Predictive FFN Activations and Scaling}{subsection.7.2}% 111
\BOOKMARK [3][-]{subsubsection.7.2.4}{Leaky ReLU vs ReLU}{subsection.7.2}% 112
\BOOKMARK [2][-]{subsection.7.3}{Weight Initialization Techniques}{section.7}% 113
\BOOKMARK [3][-]{subsubsection.7.3.1}{RBM Pretraining for Sigmoid Networks}{subsection.7.3}% 114
\BOOKMARK [4][-]{paragraph.7.3.1.1}{Sigmoid Activation Functions}{subsubsection.7.3.1}% 115
\BOOKMARK [3][-]{subsubsection.7.3.2}{Variance Based Weight Initialization Techniques}{subsection.7.3}% 116
\BOOKMARK [2][-]{subsection.7.4}{Feature Selection}{section.7}% 117
\BOOKMARK [2][-]{subsection.7.5}{Network Structure and Training}{section.7}% 118
\BOOKMARK [3][-]{subsubsection.7.5.1}{Effects of Network Size}{subsection.7.5}% 119
\BOOKMARK [4][-]{paragraph.7.5.1.1}{SAE Network Structures}{subsubsection.7.5.1}% 120
\BOOKMARK [3][-]{subsubsection.7.5.2}{Effects of Learning Rates and Schedules}{subsection.7.5}% 121
\BOOKMARK [3][-]{subsubsection.7.5.3}{Effects of Regularization}{subsection.7.5}% 122
\BOOKMARK [3][-]{subsubsection.7.5.4}{Effects of Denoising}{subsection.7.5}% 123
\BOOKMARK [2][-]{subsection.7.6}{The Effects of Data Aggregation and Value of Historical Data}{section.7}% 124
\BOOKMARK [3][-]{subsubsection.7.6.1}{Data Aggregation and SAE MSE Scores}{subsection.7.6}% 125
\BOOKMARK [3][-]{subsubsection.7.6.2}{Data Aggregation and Predictive P\046L Scores}{subsection.7.6}% 126
\BOOKMARK [3][-]{subsubsection.7.6.3}{Effects of IS Training and Historical Data}{subsection.7.6}% 127
\BOOKMARK [2][-]{subsection.7.7}{Probability of Backtest Overfitting}{section.7}% 128
\BOOKMARK [3][-]{subsubsection.7.7.1}{Concerns Regarding the PBO Calculation}{subsection.7.7}% 129
\BOOKMARK [3][-]{subsubsection.7.7.2}{PBO Results}{subsection.7.7}% 130
\BOOKMARK [3][-]{subsubsection.7.7.3}{Framework Success}{subsection.7.7}% 131
\BOOKMARK [2][-]{subsection.7.8}{DSR Results}{section.7}% 132
\BOOKMARK [3][-]{subsubsection.7.8.1}{Computational Complexity}{subsection.7.8}% 133
\BOOKMARK [3][-]{subsubsection.7.8.2}{ONC Results}{subsection.7.8}% 134
\BOOKMARK [2][-]{subsection.7.9}{DSR Results2}{section.7}% 135
\BOOKMARK [2][-]{subsection.7.10}{MMS Results}{section.7}% 136
\BOOKMARK [3][-]{subsubsection.7.10.1}{Summary of Experiment Results}{subsection.7.10}% 137
\BOOKMARK [3][-]{subsubsection.7.10.2}{Best Network Results}{subsection.7.10}% 138
\BOOKMARK [2][-]{subsection.7.11}{Results Summary}{section.7}% 139
\BOOKMARK [3][-]{subsubsection.7.11.1}{Framework Success and PBO}{subsection.7.11}% 140
\BOOKMARK [3][-]{subsubsection.7.11.2}{Historical Data}{subsection.7.11}% 141
\BOOKMARK [3][-]{subsubsection.7.11.3}{Data Processing Considerations}{subsection.7.11}% 142
\BOOKMARK [3][-]{subsubsection.7.11.4}{Weight Initializations}{subsection.7.11}% 143
\BOOKMARK [3][-]{subsubsection.7.11.5}{Feature Selection}{subsection.7.11}% 144
\BOOKMARK [3][-]{subsubsection.7.11.6}{Output Activations and Network Structure}{subsection.7.11}% 145
\BOOKMARK [3][-]{subsubsection.7.11.7}{Learning Optimizations}{subsection.7.11}% 146
\BOOKMARK [1][-]{section.8}{Software Libraries and Development}{}% 147
\BOOKMARK [2][-]{subsection.8.1}{Programming Languages}{section.8}% 148
\BOOKMARK [2][-]{subsection.8.2}{Data Generation \046 Processing}{section.8}% 149
\BOOKMARK [2][-]{subsection.8.3}{Network Training}{section.8}% 150
\BOOKMARK [3][-]{subsubsection.8.3.1}{Network Parameters}{subsection.8.3}% 151
\BOOKMARK [3][-]{subsubsection.8.3.2}{SGD \046 CD-1 Training Parameters}{subsection.8.3}% 152
\BOOKMARK [3][-]{subsubsection.8.3.3}{OGD Training Parameters}{subsection.8.3}% 153
\BOOKMARK [3][-]{subsubsection.8.3.4}{Network Trainer Module}{subsection.8.3}% 154
\BOOKMARK [2][-]{subsection.8.4}{Process Implementation}{section.8}% 155
\BOOKMARK [2][-]{subsection.8.5}{Database Implementation}{section.8}% 156
\BOOKMARK [2][-]{subsection.8.6}{Diagnostic Libraries}{section.8}% 157
\BOOKMARK [1][-]{section.9}{Conclusion}{}% 158
\BOOKMARK [2][-]{subsection.9.1}{Future Work}{section.9}% 159
\BOOKMARK [1][-]{section.10}{Appendix}{}% 160
\BOOKMARK [2][-]{subsection.10.1}{Additional Results}{section.10}% 161
\BOOKMARK [3][-]{subsubsection.10.1.1}{Additional Results for Section 7.2.2 - Activation Functions and Scaling }{subsection.10.1}% 162
\BOOKMARK [3][-]{subsubsection.10.1.2}{Additional Results for Section 7.3 - Weight Initialization Techniques }{subsection.10.1}% 163
\BOOKMARK [3][-]{subsubsection.10.1.3}{Additional Results for Section 7.4 - Feature Selection }{subsection.10.1}% 164
\BOOKMARK [3][-]{subsubsection.10.1.4}{Additional Results for Section 7.5 - Network Structure and Training }{subsection.10.1}% 165
\BOOKMARK [2][-]{subsection.10.2}{Configuration Sets Used}{section.10}% 166
\BOOKMARK [3][-]{subsubsection.10.2.1}{Configuration 1}{subsection.10.2}% 167
\BOOKMARK [3][-]{subsubsection.10.2.2}{Configuration 2}{subsection.10.2}% 168
\BOOKMARK [3][-]{subsubsection.10.2.3}{Configuration 3}{subsection.10.2}% 169
\BOOKMARK [3][-]{subsubsection.10.2.4}{Configuration 4}{subsection.10.2}% 170
\BOOKMARK [3][-]{subsubsection.10.2.5}{Configuration 5}{subsection.10.2}% 171
\BOOKMARK [3][-]{subsubsection.10.2.6}{Configuration 6}{subsection.10.2}% 172
\BOOKMARK [3][-]{subsubsection.10.2.7}{Configuration 7}{subsection.10.2}% 173
\BOOKMARK [3][-]{subsubsection.10.2.8}{Configuration 8}{subsection.10.2}% 174
\BOOKMARK [3][-]{subsubsection.10.2.9}{Configuration 9}{subsection.10.2}% 175
\BOOKMARK [3][-]{subsubsection.10.2.10}{Configuration 10}{subsection.10.2}% 176
\BOOKMARK [3][-]{subsubsection.10.2.11}{Configuration 11}{subsection.10.2}% 177
\BOOKMARK [3][-]{subsubsection.10.2.12}{Configuration 12}{subsection.10.2}% 178
\BOOKMARK [3][-]{subsubsection.10.2.13}{Configuration 13}{subsection.10.2}% 179
\BOOKMARK [3][-]{subsubsection.10.2.14}{Configuration 14}{subsection.10.2}% 180
\BOOKMARK [3][-]{subsubsection.10.2.15}{Configuration 15}{subsection.10.2}% 181
\BOOKMARK [3][-]{subsubsection.10.2.16}{Configuration 16}{subsection.10.2}% 182
\BOOKMARK [3][-]{subsubsection.10.2.17}{Configuration 17}{subsection.10.2}% 183
\BOOKMARK [2][-]{subsection.10.3}{Diagnostic Charts}{section.10}% 184
\BOOKMARK [1][-]{section.11}{References}{}% 185
